"Account_Domain","Account_Name",ComputerName,"Error_Code",EventCode,EventType,Exception,Function,"Handle_ID",Keywords,LogName,"Logon_ID",Message,"New_Security_Descriptor","Object_Name","Object_Server","Object_Type",OpCode,"Original_Security_Descriptor",Path,"Process_ID","Process_Name",RecordNumber,"ScriptBlock_ID","Security_ID",Sid,SidType,Source,SourceName,TaskCategory,Type,User,Warning,"_raw","_time","date_hour","date_mday","date_minute","date_month","date_second","date_wday","date_year","date_zone",eventtype,flags,host,index,linecount,punct,source,sourcetype,"splunk_server","splunk_server_group",timeendpos,timestartpos
,,"Ayesha-Maliha",,1254,4,,,,"WNP Transport Layer","Microsoft-Windows-PushNotification-Platform/Operational",,"WNP Transport Layer for Data Connection detected preferred interface change. Old index 0, old address family 0. New index 15, new address family 0, NDIS_PHYSICAL_MEDIUM 9.",,,,,Info,,,,,46195,,,"S-1-5-18",0,,"Microsoft-Windows-PushNotifications-Platform",None,Information,"NOT_TRANSLATED",,"10/11/2024 05:00:48 PM
LogName=Microsoft-Windows-PushNotification-Platform/Operational
EventCode=1254
EventType=4
ComputerName=Ayesha-Maliha
User=NOT_TRANSLATED
Sid=S-1-5-18
SidType=0
SourceName=Microsoft-Windows-PushNotifications-Platform
Type=Information
RecordNumber=46195
Keywords=WNP Transport Layer
TaskCategory=None
OpCode=Info
Message=WNP Transport Layer for Data Connection detected preferred interface change. Old index 0, old address family 0. New index 15, new address family 0, NDIS_PHYSICAL_MEDIUM 9.","2024-10-11T17:00:48.000+0500",17,11,0,october,48,friday,2024,local,,,"AYESHA-MALIHA",main,15,"//_::_=---/===-==---==---===__===_________.___,___","WinEventLog:Microsoft-Windows-PushNotification-Platform/Operational","WinEventLog:Microsoft-Windows-PushNotification-Platform/Operational","Ayesha-Maliha",,23,0
,,"Ayesha-Maliha",,1254,4,,,,"WNP Transport Layer","Microsoft-Windows-PushNotification-Platform/Operational",,"WNP Transport Layer for Data Connection detected preferred interface change. Old index 15, old address family 0. New index 0, new address family 0, NDIS_PHYSICAL_MEDIUM 0.",,,,,Info,,,,,46191,,,"S-1-5-18",0,,"Microsoft-Windows-PushNotifications-Platform",None,Information,"NOT_TRANSLATED",,"10/11/2024 05:00:45 PM
LogName=Microsoft-Windows-PushNotification-Platform/Operational
EventCode=1254
EventType=4
ComputerName=Ayesha-Maliha
User=NOT_TRANSLATED
Sid=S-1-5-18
SidType=0
SourceName=Microsoft-Windows-PushNotifications-Platform
Type=Information
RecordNumber=46191
Keywords=WNP Transport Layer
TaskCategory=None
OpCode=Info
Message=WNP Transport Layer for Data Connection detected preferred interface change. Old index 15, old address family 0. New index 0, new address family 0, NDIS_PHYSICAL_MEDIUM 0.","2024-10-11T17:00:45.000+0500",17,11,0,october,45,friday,2024,local,,,"AYESHA-MALIHA",main,15,"//_::_=---/===-==---==---===__===_________.___,___","WinEventLog:Microsoft-Windows-PushNotification-Platform/Operational","WinEventLog:Microsoft-Windows-PushNotification-Platform/Operational","Ayesha-Maliha",,23,0
,,"Ayesha-Maliha","Unknown HResult Error code: 0x80000000",1,2,,LoadCacheEntriesAsync,,None,"Microsoft-Windows-Store/Operational",,"Corrupted PersistentPerUserCache index, creating a new one (userId = ""0"").
Error Code: Unknown HResult Error code: 0x80000000
Function: LoadCacheEntriesAsync
Source: .\src\Core\WinStore.Core\DataModel\PersistentPerUserCache.CacheIndex.cs (293)",,,,,Info,,,,,164373,,,"S-1-5-21-663109325-190050996-3763433200-1001",0,".\src\Core\WinStore.Core\DataModel\PersistentPerUserCache.CacheIndex.cs (293)","Windows-ApplicationModel-Store-SDK",StorefrontClient,Error,"NOT_TRANSLATED",,"10/10/2024 10:21:34 PM
LogName=Microsoft-Windows-Store/Operational
EventCode=1
EventType=2
ComputerName=Ayesha-Maliha
User=NOT_TRANSLATED
Sid=S-1-5-21-663109325-190050996-3763433200-1001
SidType=0
SourceName=Windows-ApplicationModel-Store-SDK
Type=Error
RecordNumber=164373
Keywords=None
TaskCategory=StorefrontClient
OpCode=Info
Message=Corrupted PersistentPerUserCache index, creating a new one (userId = ""0"").
Error Code: Unknown HResult Error code: 0x80000000
Function: LoadCacheEntriesAsync
Source: .\src\Core\WinStore.Core\DataModel\PersistentPerUserCache.CacheIndex.cs (293)","2024-10-10T22:21:34.000+0500",22,10,21,october,34,thursday,2024,local,,,"AYESHA-MALIHA",main,18,"//_::_=--/===-==-------==---======__,_____(_=_"""").","WinEventLog:Microsoft-Windows-Store/Operational","WinEventLog:Microsoft-Windows-Store/Operational","Ayesha-Maliha",,23,0
,,"Ayesha-Maliha",,1254,4,,,,"WNP Transport Layer","Microsoft-Windows-PushNotification-Platform/Operational",,"WNP Transport Layer for Data Connection detected preferred interface change. Old index 0, old address family 0. New index 15, new address family 0, NDIS_PHYSICAL_MEDIUM 9.",,,,,Info,,,,,45951,,,"S-1-5-18",0,,"Microsoft-Windows-PushNotifications-Platform",None,Information,"NOT_TRANSLATED",,"10/10/2024 10:01:52 PM
LogName=Microsoft-Windows-PushNotification-Platform/Operational
EventCode=1254
EventType=4
ComputerName=Ayesha-Maliha
User=NOT_TRANSLATED
Sid=S-1-5-18
SidType=0
SourceName=Microsoft-Windows-PushNotifications-Platform
Type=Information
RecordNumber=45951
Keywords=WNP Transport Layer
TaskCategory=None
OpCode=Info
Message=WNP Transport Layer for Data Connection detected preferred interface change. Old index 0, old address family 0. New index 15, new address family 0, NDIS_PHYSICAL_MEDIUM 9.","2024-10-10T22:01:52.000+0500",22,10,1,october,52,thursday,2024,local,,,"AYESHA-MALIHA",main,15,"//_::_=---/===-==---==---===__===_________.___,___","WinEventLog:Microsoft-Windows-PushNotification-Platform/Operational","WinEventLog:Microsoft-Windows-PushNotification-Platform/Operational","Ayesha-Maliha",,23,0
,,"Ayesha-Maliha",,1254,4,,,,"WNP Transport Layer","Microsoft-Windows-PushNotification-Platform/Operational",,"WNP Transport Layer for Data Connection detected preferred interface change. Old index 15, old address family 0. New index 0, new address family 0, NDIS_PHYSICAL_MEDIUM 0.",,,,,Info,,,,,45930,,,"S-1-5-18",0,,"Microsoft-Windows-PushNotifications-Platform",None,Information,"NOT_TRANSLATED",,"10/10/2024 10:01:08 PM
LogName=Microsoft-Windows-PushNotification-Platform/Operational
EventCode=1254
EventType=4
ComputerName=Ayesha-Maliha
User=NOT_TRANSLATED
Sid=S-1-5-18
SidType=0
SourceName=Microsoft-Windows-PushNotifications-Platform
Type=Information
RecordNumber=45930
Keywords=WNP Transport Layer
TaskCategory=None
OpCode=Info
Message=WNP Transport Layer for Data Connection detected preferred interface change. Old index 15, old address family 0. New index 0, new address family 0, NDIS_PHYSICAL_MEDIUM 0.","2024-10-10T22:01:08.000+0500",22,10,1,october,8,thursday,2024,local,,,"AYESHA-MALIHA",main,15,"//_::_=---/===-==---==---===__===_________.___,___","WinEventLog:Microsoft-Windows-PushNotification-Platform/Operational","WinEventLog:Microsoft-Windows-PushNotification-Platform/Operational","Ayesha-Maliha",,23,0
,,"Ayesha-Maliha",,1254,4,,,,"WNP Transport Layer","Microsoft-Windows-PushNotification-Platform/Operational",,"WNP Transport Layer for Data Connection detected preferred interface change. Old index 0, old address family 0. New index 15, new address family 0, NDIS_PHYSICAL_MEDIUM 9.",,,,,Info,,,,,45837,,,"S-1-5-18",0,,"Microsoft-Windows-PushNotifications-Platform",None,Information,"NOT_TRANSLATED",,"10/10/2024 10:00:23 PM
LogName=Microsoft-Windows-PushNotification-Platform/Operational
EventCode=1254
EventType=4
ComputerName=Ayesha-Maliha
User=NOT_TRANSLATED
Sid=S-1-5-18
SidType=0
SourceName=Microsoft-Windows-PushNotifications-Platform
Type=Information
RecordNumber=45837
Keywords=WNP Transport Layer
TaskCategory=None
OpCode=Info
Message=WNP Transport Layer for Data Connection detected preferred interface change. Old index 0, old address family 0. New index 15, new address family 0, NDIS_PHYSICAL_MEDIUM 9.","2024-10-10T22:00:23.000+0500",22,10,0,october,23,thursday,2024,local,,,"AYESHA-MALIHA",main,15,"//_::_=---/===-==---==---===__===_________.___,___","WinEventLog:Microsoft-Windows-PushNotification-Platform/Operational","WinEventLog:Microsoft-Windows-PushNotification-Platform/Operational","Ayesha-Maliha",,23,0
,,"Ayesha-Maliha",,1254,4,,,,"WNP Transport Layer","Microsoft-Windows-PushNotification-Platform/Operational",,"WNP Transport Layer for Data Connection detected preferred interface change. Old index 15, old address family 0. New index 0, new address family 0, NDIS_PHYSICAL_MEDIUM 0.",,,,,Info,,,,,45829,,,"S-1-5-18",0,,"Microsoft-Windows-PushNotifications-Platform",None,Information,"NOT_TRANSLATED",,"10/10/2024 10:00:21 PM
LogName=Microsoft-Windows-PushNotification-Platform/Operational
EventCode=1254
EventType=4
ComputerName=Ayesha-Maliha
User=NOT_TRANSLATED
Sid=S-1-5-18
SidType=0
SourceName=Microsoft-Windows-PushNotifications-Platform
Type=Information
RecordNumber=45829
Keywords=WNP Transport Layer
TaskCategory=None
OpCode=Info
Message=WNP Transport Layer for Data Connection detected preferred interface change. Old index 15, old address family 0. New index 0, new address family 0, NDIS_PHYSICAL_MEDIUM 0.","2024-10-10T22:00:21.000+0500",22,10,0,october,21,thursday,2024,local,,,"AYESHA-MALIHA",main,15,"//_::_=---/===-==---==---===__===_________.___,___","WinEventLog:Microsoft-Windows-PushNotification-Platform/Operational","WinEventLog:Microsoft-Windows-PushNotification-Platform/Operational","Ayesha-Maliha",,23,0
,,"Ayesha-Maliha",,1254,4,,,,"WNP Transport Layer","Microsoft-Windows-PushNotification-Platform/Operational",,"WNP Transport Layer for Test Connection detected preferred interface change. Old index 0, old address family 0. New index 15, new address family 0, NDIS_PHYSICAL_MEDIUM 9.",,,,,Info,,,,,45581,,,"S-1-5-18",0,,"Microsoft-Windows-PushNotifications-Platform",None,Information,"NOT_TRANSLATED",,"10/10/2024 08:56:34 PM
LogName=Microsoft-Windows-PushNotification-Platform/Operational
EventCode=1254
EventType=4
ComputerName=Ayesha-Maliha
User=NOT_TRANSLATED
Sid=S-1-5-18
SidType=0
SourceName=Microsoft-Windows-PushNotifications-Platform
Type=Information
RecordNumber=45581
Keywords=WNP Transport Layer
TaskCategory=None
OpCode=Info
Message=WNP Transport Layer for Test Connection detected preferred interface change. Old index 0, old address family 0. New index 15, new address family 0, NDIS_PHYSICAL_MEDIUM 9.","2024-10-10T20:56:34.000+0500",20,10,56,october,34,thursday,2024,local,,,"AYESHA-MALIHA",main,15,"//_::_=---/===-==---==---===__===_________.___,___","WinEventLog:Microsoft-Windows-PushNotification-Platform/Operational","WinEventLog:Microsoft-Windows-PushNotification-Platform/Operational","Ayesha-Maliha",,23,0
,,"Ayesha-Maliha",,1254,4,,,,"WNP Transport Layer","Microsoft-Windows-PushNotification-Platform/Operational",,"WNP Transport Layer for Data Connection detected preferred interface change. Old index 0, old address family 0. New index 15, new address family 0, NDIS_PHYSICAL_MEDIUM 9.",,,,,Info,,,,,45537,,,"S-1-5-18",0,,"Microsoft-Windows-PushNotifications-Platform",None,Information,"NOT_TRANSLATED",,"10/10/2024 08:54:38 PM
LogName=Microsoft-Windows-PushNotification-Platform/Operational
EventCode=1254
EventType=4
ComputerName=Ayesha-Maliha
User=NOT_TRANSLATED
Sid=S-1-5-18
SidType=0
SourceName=Microsoft-Windows-PushNotifications-Platform
Type=Information
RecordNumber=45537
Keywords=WNP Transport Layer
TaskCategory=None
OpCode=Info
Message=WNP Transport Layer for Data Connection detected preferred interface change. Old index 0, old address family 0. New index 15, new address family 0, NDIS_PHYSICAL_MEDIUM 9.","2024-10-10T20:54:38.000+0500",20,10,54,october,38,thursday,2024,local,,,"AYESHA-MALIHA",main,15,"//_::_=---/===-==---==---===__===_________.___,___","WinEventLog:Microsoft-Windows-PushNotification-Platform/Operational","WinEventLog:Microsoft-Windows-PushNotification-Platform/Operational","Ayesha-Maliha",,23,0
,,"Ayesha-Maliha",,1254,4,,,,"WNP Transport Layer","Microsoft-Windows-PushNotification-Platform/Operational",,"WNP Transport Layer for Test Connection detected preferred interface change. Old index 15, old address family 0. New index 0, new address family 0, NDIS_PHYSICAL_MEDIUM 0.",,,,,Info,,,,,45513,,,"S-1-5-18",0,,"Microsoft-Windows-PushNotifications-Platform",None,Information,"NOT_TRANSLATED",,"10/10/2024 08:54:02 PM
LogName=Microsoft-Windows-PushNotification-Platform/Operational
EventCode=1254
EventType=4
ComputerName=Ayesha-Maliha
User=NOT_TRANSLATED
Sid=S-1-5-18
SidType=0
SourceName=Microsoft-Windows-PushNotifications-Platform
Type=Information
RecordNumber=45513
Keywords=WNP Transport Layer
TaskCategory=None
OpCode=Info
Message=WNP Transport Layer for Test Connection detected preferred interface change. Old index 15, old address family 0. New index 0, new address family 0, NDIS_PHYSICAL_MEDIUM 0.","2024-10-10T20:54:02.000+0500",20,10,54,october,2,thursday,2024,local,,,"AYESHA-MALIHA",main,15,"//_::_=---/===-==---==---===__===_________.___,___","WinEventLog:Microsoft-Windows-PushNotification-Platform/Operational","WinEventLog:Microsoft-Windows-PushNotification-Platform/Operational","Ayesha-Maliha",,23,0
,,"Ayesha-Maliha",,1254,4,,,,"WNP Transport Layer","Microsoft-Windows-PushNotification-Platform/Operational",,"WNP Transport Layer for Data Connection detected preferred interface change. Old index 15, old address family 0. New index 0, new address family 0, NDIS_PHYSICAL_MEDIUM 0.",,,,,Info,,,,,45511,,,"S-1-5-18",0,,"Microsoft-Windows-PushNotifications-Platform",None,Information,"NOT_TRANSLATED",,"10/10/2024 08:54:02 PM
LogName=Microsoft-Windows-PushNotification-Platform/Operational
EventCode=1254
EventType=4
ComputerName=Ayesha-Maliha
User=NOT_TRANSLATED
Sid=S-1-5-18
SidType=0
SourceName=Microsoft-Windows-PushNotifications-Platform
Type=Information
RecordNumber=45511
Keywords=WNP Transport Layer
TaskCategory=None
OpCode=Info
Message=WNP Transport Layer for Data Connection detected preferred interface change. Old index 15, old address family 0. New index 0, new address family 0, NDIS_PHYSICAL_MEDIUM 0.","2024-10-10T20:54:02.000+0500",20,10,54,october,2,thursday,2024,local,,,"AYESHA-MALIHA",main,15,"//_::_=---/===-==---==---===__===_________.___,___","WinEventLog:Microsoft-Windows-PushNotification-Platform/Operational","WinEventLog:Microsoft-Windows-PushNotification-Platform/Operational","Ayesha-Maliha",,23,0
,,"Ayesha-Maliha",,1254,4,,,,"WNP Transport Layer","Microsoft-Windows-PushNotification-Platform/Operational",,"WNP Transport Layer for Test Connection detected preferred interface change. Old index 0, old address family 0. New index 15, new address family 0, NDIS_PHYSICAL_MEDIUM 9.",,,,,Info,,,,,45500,,,"S-1-5-18",0,,"Microsoft-Windows-PushNotifications-Platform",None,Information,"NOT_TRANSLATED",,"10/10/2024 08:53:51 PM
LogName=Microsoft-Windows-PushNotification-Platform/Operational
EventCode=1254
EventType=4
ComputerName=Ayesha-Maliha
User=NOT_TRANSLATED
Sid=S-1-5-18
SidType=0
SourceName=Microsoft-Windows-PushNotifications-Platform
Type=Information
RecordNumber=45500
Keywords=WNP Transport Layer
TaskCategory=None
OpCode=Info
Message=WNP Transport Layer for Test Connection detected preferred interface change. Old index 0, old address family 0. New index 15, new address family 0, NDIS_PHYSICAL_MEDIUM 9.","2024-10-10T20:53:51.000+0500",20,10,53,october,51,thursday,2024,local,,,"AYESHA-MALIHA",main,15,"//_::_=---/===-==---==---===__===_________.___,___","WinEventLog:Microsoft-Windows-PushNotification-Platform/Operational","WinEventLog:Microsoft-Windows-PushNotification-Platform/Operational","Ayesha-Maliha",,23,0
,,"Ayesha-Maliha",,1254,4,,,,"WNP Transport Layer","Microsoft-Windows-PushNotification-Platform/Operational",,"WNP Transport Layer for Data Connection detected preferred interface change. Old index 0, old address family 0. New index 15, new address family 0, NDIS_PHYSICAL_MEDIUM 9.",,,,,Info,,,,,45456,,,"S-1-5-18",0,,"Microsoft-Windows-PushNotifications-Platform",None,Information,"NOT_TRANSLATED",,"10/10/2024 08:51:54 PM
LogName=Microsoft-Windows-PushNotification-Platform/Operational
EventCode=1254
EventType=4
ComputerName=Ayesha-Maliha
User=NOT_TRANSLATED
Sid=S-1-5-18
SidType=0
SourceName=Microsoft-Windows-PushNotifications-Platform
Type=Information
RecordNumber=45456
Keywords=WNP Transport Layer
TaskCategory=None
OpCode=Info
Message=WNP Transport Layer for Data Connection detected preferred interface change. Old index 0, old address family 0. New index 15, new address family 0, NDIS_PHYSICAL_MEDIUM 9.","2024-10-10T20:51:54.000+0500",20,10,51,october,54,thursday,2024,local,,,"AYESHA-MALIHA",main,15,"//_::_=---/===-==---==---===__===_________.___,___","WinEventLog:Microsoft-Windows-PushNotification-Platform/Operational","WinEventLog:Microsoft-Windows-PushNotification-Platform/Operational","Ayesha-Maliha",,23,0
,,"Ayesha-Maliha",,1254,4,,,,"WNP Transport Layer","Microsoft-Windows-PushNotification-Platform/Operational",,"WNP Transport Layer for Data Connection detected preferred interface change. Old index 15, old address family 0. New index 0, new address family 0, NDIS_PHYSICAL_MEDIUM 0.",,,,,Info,,,,,45434,,,"S-1-5-18",0,,"Microsoft-Windows-PushNotifications-Platform",None,Information,"NOT_TRANSLATED",,"10/10/2024 08:49:37 PM
LogName=Microsoft-Windows-PushNotification-Platform/Operational
EventCode=1254
EventType=4
ComputerName=Ayesha-Maliha
User=NOT_TRANSLATED
Sid=S-1-5-18
SidType=0
SourceName=Microsoft-Windows-PushNotifications-Platform
Type=Information
RecordNumber=45434
Keywords=WNP Transport Layer
TaskCategory=None
OpCode=Info
Message=WNP Transport Layer for Data Connection detected preferred interface change. Old index 15, old address family 0. New index 0, new address family 0, NDIS_PHYSICAL_MEDIUM 0.","2024-10-10T20:49:37.000+0500",20,10,49,october,37,thursday,2024,local,,,"AYESHA-MALIHA",main,15,"//_::_=---/===-==---==---===__===_________.___,___","WinEventLog:Microsoft-Windows-PushNotification-Platform/Operational","WinEventLog:Microsoft-Windows-PushNotification-Platform/Operational","Ayesha-Maliha",,23,0
,,"Ayesha-Maliha",,1254,4,,,,"WNP Transport Layer","Microsoft-Windows-PushNotification-Platform/Operational",,"WNP Transport Layer for Data Connection detected preferred interface change. Old index 0, old address family 0. New index 15, new address family 0, NDIS_PHYSICAL_MEDIUM 9.",,,,,Info,,,,,45384,,,"S-1-5-18",0,,"Microsoft-Windows-PushNotifications-Platform",None,Information,"NOT_TRANSLATED",,"10/10/2024 08:45:36 PM
LogName=Microsoft-Windows-PushNotification-Platform/Operational
EventCode=1254
EventType=4
ComputerName=Ayesha-Maliha
User=NOT_TRANSLATED
Sid=S-1-5-18
SidType=0
SourceName=Microsoft-Windows-PushNotifications-Platform
Type=Information
RecordNumber=45384
Keywords=WNP Transport Layer
TaskCategory=None
OpCode=Info
Message=WNP Transport Layer for Data Connection detected preferred interface change. Old index 0, old address family 0. New index 15, new address family 0, NDIS_PHYSICAL_MEDIUM 9.","2024-10-10T20:45:36.000+0500",20,10,45,october,36,thursday,2024,local,,,"AYESHA-MALIHA",main,15,"//_::_=---/===-==---==---===__===_________.___,___","WinEventLog:Microsoft-Windows-PushNotification-Platform/Operational","WinEventLog:Microsoft-Windows-PushNotification-Platform/Operational","Ayesha-Maliha",,23,0
,,"Ayesha-Maliha",,1254,4,,,,"WNP Transport Layer","Microsoft-Windows-PushNotification-Platform/Operational",,"WNP Transport Layer for Data Connection detected preferred interface change. Old index 15, old address family 0. New index 0, new address family 0, NDIS_PHYSICAL_MEDIUM 0.",,,,,Info,,,,,45363,,,"S-1-5-18",0,,"Microsoft-Windows-PushNotifications-Platform",None,Information,"NOT_TRANSLATED",,"10/10/2024 08:45:29 PM
LogName=Microsoft-Windows-PushNotification-Platform/Operational
EventCode=1254
EventType=4
ComputerName=Ayesha-Maliha
User=NOT_TRANSLATED
Sid=S-1-5-18
SidType=0
SourceName=Microsoft-Windows-PushNotifications-Platform
Type=Information
RecordNumber=45363
Keywords=WNP Transport Layer
TaskCategory=None
OpCode=Info
Message=WNP Transport Layer for Data Connection detected preferred interface change. Old index 15, old address family 0. New index 0, new address family 0, NDIS_PHYSICAL_MEDIUM 0.","2024-10-10T20:45:29.000+0500",20,10,45,october,29,thursday,2024,local,,,"AYESHA-MALIHA",main,15,"//_::_=---/===-==---==---===__===_________.___,___","WinEventLog:Microsoft-Windows-PushNotification-Platform/Operational","WinEventLog:Microsoft-Windows-PushNotification-Platform/Operational","Ayesha-Maliha",,23,0
,,"Ayesha-Maliha",,1254,4,,,,"WNP Transport Layer","Microsoft-Windows-PushNotification-Platform/Operational",,"WNP Transport Layer for Data Connection detected preferred interface change. Old index 0, old address family 0. New index 15, new address family 0, NDIS_PHYSICAL_MEDIUM 9.",,,,,Info,,,,,45326,,,"S-1-5-18",0,,"Microsoft-Windows-PushNotifications-Platform",None,Information,"NOT_TRANSLATED",,"10/10/2024 08:45:28 PM
LogName=Microsoft-Windows-PushNotification-Platform/Operational
EventCode=1254
EventType=4
ComputerName=Ayesha-Maliha
User=NOT_TRANSLATED
Sid=S-1-5-18
SidType=0
SourceName=Microsoft-Windows-PushNotifications-Platform
Type=Information
RecordNumber=45326
Keywords=WNP Transport Layer
TaskCategory=None
OpCode=Info
Message=WNP Transport Layer for Data Connection detected preferred interface change. Old index 0, old address family 0. New index 15, new address family 0, NDIS_PHYSICAL_MEDIUM 9.","2024-10-10T20:45:28.000+0500",20,10,45,october,28,thursday,2024,local,,,"AYESHA-MALIHA",main,15,"//_::_=---/===-==---==---===__===_________.___,___","WinEventLog:Microsoft-Windows-PushNotification-Platform/Operational","WinEventLog:Microsoft-Windows-PushNotification-Platform/Operational","Ayesha-Maliha",,23,0
,,"Ayesha-Maliha",,1254,4,,,,"WNP Transport Layer","Microsoft-Windows-PushNotification-Platform/Operational",,"WNP Transport Layer for Data Connection detected preferred interface change. Old index 15, old address family 0. New index 0, new address family 0, NDIS_PHYSICAL_MEDIUM 0.",,,,,Info,,,,,45304,,,"S-1-5-18",0,,"Microsoft-Windows-PushNotifications-Platform",None,Information,"NOT_TRANSLATED",,"10/10/2024 08:44:06 PM
LogName=Microsoft-Windows-PushNotification-Platform/Operational
EventCode=1254
EventType=4
ComputerName=Ayesha-Maliha
User=NOT_TRANSLATED
Sid=S-1-5-18
SidType=0
SourceName=Microsoft-Windows-PushNotifications-Platform
Type=Information
RecordNumber=45304
Keywords=WNP Transport Layer
TaskCategory=None
OpCode=Info
Message=WNP Transport Layer for Data Connection detected preferred interface change. Old index 15, old address family 0. New index 0, new address family 0, NDIS_PHYSICAL_MEDIUM 0.","2024-10-10T20:44:06.000+0500",20,10,44,october,6,thursday,2024,local,,,"AYESHA-MALIHA",main,15,"//_::_=---/===-==---==---===__===_________.___,___","WinEventLog:Microsoft-Windows-PushNotification-Platform/Operational","WinEventLog:Microsoft-Windows-PushNotification-Platform/Operational","Ayesha-Maliha",,23,0
,,"Ayesha-Maliha",,1254,4,,,,"WNP Transport Layer","Microsoft-Windows-PushNotification-Platform/Operational",,"WNP Transport Layer for Data Connection detected preferred interface change. Old index 0, old address family 0. New index 15, new address family 0, NDIS_PHYSICAL_MEDIUM 9.",,,,,Info,,,,,45205,,,"S-1-5-18",0,,"Microsoft-Windows-PushNotifications-Platform",None,Information,"NOT_TRANSLATED",,"10/10/2024 08:39:49 PM
LogName=Microsoft-Windows-PushNotification-Platform/Operational
EventCode=1254
EventType=4
ComputerName=Ayesha-Maliha
User=NOT_TRANSLATED
Sid=S-1-5-18
SidType=0
SourceName=Microsoft-Windows-PushNotifications-Platform
Type=Information
RecordNumber=45205
Keywords=WNP Transport Layer
TaskCategory=None
OpCode=Info
Message=WNP Transport Layer for Data Connection detected preferred interface change. Old index 0, old address family 0. New index 15, new address family 0, NDIS_PHYSICAL_MEDIUM 9.","2024-10-10T20:39:49.000+0500",20,10,39,october,49,thursday,2024,local,,,"AYESHA-MALIHA",main,15,"//_::_=---/===-==---==---===__===_________.___,___","WinEventLog:Microsoft-Windows-PushNotification-Platform/Operational","WinEventLog:Microsoft-Windows-PushNotification-Platform/Operational","Ayesha-Maliha",,23,0
,,"Ayesha-Maliha",,1254,4,,,,"WNP Transport Layer","Microsoft-Windows-PushNotification-Platform/Operational",,"WNP Transport Layer for Data Connection detected preferred interface change. Old index 15, old address family 0. New index 0, new address family 0, NDIS_PHYSICAL_MEDIUM 0.",,,,,Info,,,,,45055,,,"S-1-5-18",0,,"Microsoft-Windows-PushNotifications-Platform",None,Information,"NOT_TRANSLATED",,"10/10/2024 05:27:31 PM
LogName=Microsoft-Windows-PushNotification-Platform/Operational
EventCode=1254
EventType=4
ComputerName=Ayesha-Maliha
User=NOT_TRANSLATED
Sid=S-1-5-18
SidType=0
SourceName=Microsoft-Windows-PushNotifications-Platform
Type=Information
RecordNumber=45055
Keywords=WNP Transport Layer
TaskCategory=None
OpCode=Info
Message=WNP Transport Layer for Data Connection detected preferred interface change. Old index 15, old address family 0. New index 0, new address family 0, NDIS_PHYSICAL_MEDIUM 0.","2024-10-10T17:27:31.000+0500",17,10,27,october,31,thursday,2024,local,,,"AYESHA-MALIHA",main,15,"//_::_=---/===-==---==---===__===_________.___,___","WinEventLog:Microsoft-Windows-PushNotification-Platform/Operational","WinEventLog:Microsoft-Windows-PushNotification-Platform/Operational","Ayesha-Maliha",,23,0
,,"Ayesha-Maliha",,1254,4,,,,"WNP Transport Layer","Microsoft-Windows-PushNotification-Platform/Operational",,"WNP Transport Layer for Test Connection detected preferred interface change. Old index 0, old address family 0. New index 15, new address family 0, NDIS_PHYSICAL_MEDIUM 9.",,,,,Info,,,,,44838,,,"S-1-5-18",0,,"Microsoft-Windows-PushNotifications-Platform",None,Information,"NOT_TRANSLATED",,"10/09/2024 06:29:59 PM
LogName=Microsoft-Windows-PushNotification-Platform/Operational
EventCode=1254
EventType=4
ComputerName=Ayesha-Maliha
User=NOT_TRANSLATED
Sid=S-1-5-18
SidType=0
SourceName=Microsoft-Windows-PushNotifications-Platform
Type=Information
RecordNumber=44838
Keywords=WNP Transport Layer
TaskCategory=None
OpCode=Info
Message=WNP Transport Layer for Test Connection detected preferred interface change. Old index 0, old address family 0. New index 15, new address family 0, NDIS_PHYSICAL_MEDIUM 9.","2024-10-09T18:29:59.000+0500",18,9,29,october,59,wednesday,2024,local,,,"AYESHA-MALIHA",main,15,"//_::_=---/===-==---==---===__===_________.___,___","WinEventLog:Microsoft-Windows-PushNotification-Platform/Operational","WinEventLog:Microsoft-Windows-PushNotification-Platform/Operational","Ayesha-Maliha",,23,0
,,"Ayesha-Maliha",,1254,4,,,,"WNP Transport Layer","Microsoft-Windows-PushNotification-Platform/Operational",,"WNP Transport Layer for Data Connection detected preferred interface change. Old index 0, old address family 0. New index 15, new address family 0, NDIS_PHYSICAL_MEDIUM 9.",,,,,Info,,,,,44834,,,"S-1-5-18",0,,"Microsoft-Windows-PushNotifications-Platform",None,Information,"NOT_TRANSLATED",,"10/09/2024 06:29:59 PM
LogName=Microsoft-Windows-PushNotification-Platform/Operational
EventCode=1254
EventType=4
ComputerName=Ayesha-Maliha
User=NOT_TRANSLATED
Sid=S-1-5-18
SidType=0
SourceName=Microsoft-Windows-PushNotifications-Platform
Type=Information
RecordNumber=44834
Keywords=WNP Transport Layer
TaskCategory=None
OpCode=Info
Message=WNP Transport Layer for Data Connection detected preferred interface change. Old index 0, old address family 0. New index 15, new address family 0, NDIS_PHYSICAL_MEDIUM 9.","2024-10-09T18:29:59.000+0500",18,9,29,october,59,wednesday,2024,local,,,"AYESHA-MALIHA",main,15,"//_::_=---/===-==---==---===__===_________.___,___","WinEventLog:Microsoft-Windows-PushNotification-Platform/Operational","WinEventLog:Microsoft-Windows-PushNotification-Platform/Operational","Ayesha-Maliha",,23,0
,,"Ayesha-Maliha",,1254,4,,,,"WNP Transport Layer","Microsoft-Windows-PushNotification-Platform/Operational",,"WNP Transport Layer for Data Connection detected preferred interface change. Old index 15, old address family 0. New index 0, new address family 0, NDIS_PHYSICAL_MEDIUM 0.",,,,,Info,,,,,44825,,,"S-1-5-18",0,,"Microsoft-Windows-PushNotifications-Platform",None,Information,"NOT_TRANSLATED",,"10/09/2024 06:29:59 PM
LogName=Microsoft-Windows-PushNotification-Platform/Operational
EventCode=1254
EventType=4
ComputerName=Ayesha-Maliha
User=NOT_TRANSLATED
Sid=S-1-5-18
SidType=0
SourceName=Microsoft-Windows-PushNotifications-Platform
Type=Information
RecordNumber=44825
Keywords=WNP Transport Layer
TaskCategory=None
OpCode=Info
Message=WNP Transport Layer for Data Connection detected preferred interface change. Old index 15, old address family 0. New index 0, new address family 0, NDIS_PHYSICAL_MEDIUM 0.","2024-10-09T18:29:59.000+0500",18,9,29,october,59,wednesday,2024,local,,,"AYESHA-MALIHA",main,15,"//_::_=---/===-==---==---===__===_________.___,___","WinEventLog:Microsoft-Windows-PushNotification-Platform/Operational","WinEventLog:Microsoft-Windows-PushNotification-Platform/Operational","Ayesha-Maliha",,23,0
,,"Ayesha-Maliha",,1254,4,,,,"WNP Transport Layer","Microsoft-Windows-PushNotification-Platform/Operational",,"WNP Transport Layer for Data Connection detected preferred interface change. Old index 0, old address family 0. New index 15, new address family 0, NDIS_PHYSICAL_MEDIUM 9.",,,,,Info,,,,,44772,,,"S-1-5-18",0,,"Microsoft-Windows-PushNotifications-Platform",None,Information,"NOT_TRANSLATED",,"10/09/2024 06:29:52 PM
LogName=Microsoft-Windows-PushNotification-Platform/Operational
EventCode=1254
EventType=4
ComputerName=Ayesha-Maliha
User=NOT_TRANSLATED
Sid=S-1-5-18
SidType=0
SourceName=Microsoft-Windows-PushNotifications-Platform
Type=Information
RecordNumber=44772
Keywords=WNP Transport Layer
TaskCategory=None
OpCode=Info
Message=WNP Transport Layer for Data Connection detected preferred interface change. Old index 0, old address family 0. New index 15, new address family 0, NDIS_PHYSICAL_MEDIUM 9.","2024-10-09T18:29:52.000+0500",18,9,29,october,52,wednesday,2024,local,,,"AYESHA-MALIHA",main,15,"//_::_=---/===-==---==---===__===_________.___,___","WinEventLog:Microsoft-Windows-PushNotification-Platform/Operational","WinEventLog:Microsoft-Windows-PushNotification-Platform/Operational","Ayesha-Maliha",,23,0
,,"Ayesha-Maliha",,1254,4,,,,"WNP Transport Layer","Microsoft-Windows-PushNotification-Platform/Operational",,"WNP Transport Layer for Data Connection detected preferred interface change. Old index 15, old address family 0. New index 0, new address family 0, NDIS_PHYSICAL_MEDIUM 0.",,,,,Info,,,,,44768,,,"S-1-5-18",0,,"Microsoft-Windows-PushNotifications-Platform",None,Information,"NOT_TRANSLATED",,"10/09/2024 06:29:16 PM
LogName=Microsoft-Windows-PushNotification-Platform/Operational
EventCode=1254
EventType=4
ComputerName=Ayesha-Maliha
User=NOT_TRANSLATED
Sid=S-1-5-18
SidType=0
SourceName=Microsoft-Windows-PushNotifications-Platform
Type=Information
RecordNumber=44768
Keywords=WNP Transport Layer
TaskCategory=None
OpCode=Info
Message=WNP Transport Layer for Data Connection detected preferred interface change. Old index 15, old address family 0. New index 0, new address family 0, NDIS_PHYSICAL_MEDIUM 0.","2024-10-09T18:29:16.000+0500",18,9,29,october,16,wednesday,2024,local,,,"AYESHA-MALIHA",main,15,"//_::_=---/===-==---==---===__===_________.___,___","WinEventLog:Microsoft-Windows-PushNotification-Platform/Operational","WinEventLog:Microsoft-Windows-PushNotification-Platform/Operational","Ayesha-Maliha",,23,0
,,"Ayesha-Maliha",,1254,4,,,,"WNP Transport Layer","Microsoft-Windows-PushNotification-Platform/Operational",,"WNP Transport Layer for Data Connection detected preferred interface change. Old index 0, old address family 0. New index 15, new address family 0, NDIS_PHYSICAL_MEDIUM 9.",,,,,Info,,,,,44761,,,"S-1-5-18",0,,"Microsoft-Windows-PushNotifications-Platform",None,Information,"NOT_TRANSLATED",,"10/09/2024 06:28:26 PM
LogName=Microsoft-Windows-PushNotification-Platform/Operational
EventCode=1254
EventType=4
ComputerName=Ayesha-Maliha
User=NOT_TRANSLATED
Sid=S-1-5-18
SidType=0
SourceName=Microsoft-Windows-PushNotifications-Platform
Type=Information
RecordNumber=44761
Keywords=WNP Transport Layer
TaskCategory=None
OpCode=Info
Message=WNP Transport Layer for Data Connection detected preferred interface change. Old index 0, old address family 0. New index 15, new address family 0, NDIS_PHYSICAL_MEDIUM 9.","2024-10-09T18:28:26.000+0500",18,9,28,october,26,wednesday,2024,local,,,"AYESHA-MALIHA",main,15,"//_::_=---/===-==---==---===__===_________.___,___","WinEventLog:Microsoft-Windows-PushNotification-Platform/Operational","WinEventLog:Microsoft-Windows-PushNotification-Platform/Operational","Ayesha-Maliha",,23,0
,,"Ayesha-Maliha",,1254,4,,,,"WNP Transport Layer","Microsoft-Windows-PushNotification-Platform/Operational",,"WNP Transport Layer for Data Connection detected preferred interface change. Old index 15, old address family 0. New index 0, new address family 0, NDIS_PHYSICAL_MEDIUM 0.",,,,,Info,,,,,44758,,,"S-1-5-18",0,,"Microsoft-Windows-PushNotifications-Platform",None,Information,"NOT_TRANSLATED",,"10/09/2024 06:28:20 PM
LogName=Microsoft-Windows-PushNotification-Platform/Operational
EventCode=1254
EventType=4
ComputerName=Ayesha-Maliha
User=NOT_TRANSLATED
Sid=S-1-5-18
SidType=0
SourceName=Microsoft-Windows-PushNotifications-Platform
Type=Information
RecordNumber=44758
Keywords=WNP Transport Layer
TaskCategory=None
OpCode=Info
Message=WNP Transport Layer for Data Connection detected preferred interface change. Old index 15, old address family 0. New index 0, new address family 0, NDIS_PHYSICAL_MEDIUM 0.","2024-10-09T18:28:20.000+0500",18,9,28,october,20,wednesday,2024,local,,,"AYESHA-MALIHA",main,15,"//_::_=---/===-==---==---===__===_________.___,___","WinEventLog:Microsoft-Windows-PushNotification-Platform/Operational","WinEventLog:Microsoft-Windows-PushNotification-Platform/Operational","Ayesha-Maliha",,23,0
,,"Ayesha-Maliha",,1254,4,,,,"WNP Transport Layer","Microsoft-Windows-PushNotification-Platform/Operational",,"WNP Transport Layer for Data Connection detected preferred interface change. Old index 0, old address family 0. New index 15, new address family 0, NDIS_PHYSICAL_MEDIUM 9.",,,,,Info,,,,,44725,,,"S-1-5-18",0,,"Microsoft-Windows-PushNotifications-Platform",None,Information,"NOT_TRANSLATED",,"10/09/2024 06:26:03 PM
LogName=Microsoft-Windows-PushNotification-Platform/Operational
EventCode=1254
EventType=4
ComputerName=Ayesha-Maliha
User=NOT_TRANSLATED
Sid=S-1-5-18
SidType=0
SourceName=Microsoft-Windows-PushNotifications-Platform
Type=Information
RecordNumber=44725
Keywords=WNP Transport Layer
TaskCategory=None
OpCode=Info
Message=WNP Transport Layer for Data Connection detected preferred interface change. Old index 0, old address family 0. New index 15, new address family 0, NDIS_PHYSICAL_MEDIUM 9.","2024-10-09T18:26:03.000+0500",18,9,26,october,3,wednesday,2024,local,,,"AYESHA-MALIHA",main,15,"//_::_=---/===-==---==---===__===_________.___,___","WinEventLog:Microsoft-Windows-PushNotification-Platform/Operational","WinEventLog:Microsoft-Windows-PushNotification-Platform/Operational","Ayesha-Maliha",,23,0
,,"Ayesha-Maliha",,1254,4,,,,"WNP Transport Layer","Microsoft-Windows-PushNotification-Platform/Operational",,"WNP Transport Layer for Data Connection detected preferred interface change. Old index 15, old address family 0. New index 0, new address family 0, NDIS_PHYSICAL_MEDIUM 0.",,,,,Info,,,,,44723,,,"S-1-5-18",0,,"Microsoft-Windows-PushNotifications-Platform",None,Information,"NOT_TRANSLATED",,"10/09/2024 06:26:02 PM
LogName=Microsoft-Windows-PushNotification-Platform/Operational
EventCode=1254
EventType=4
ComputerName=Ayesha-Maliha
User=NOT_TRANSLATED
Sid=S-1-5-18
SidType=0
SourceName=Microsoft-Windows-PushNotifications-Platform
Type=Information
RecordNumber=44723
Keywords=WNP Transport Layer
TaskCategory=None
OpCode=Info
Message=WNP Transport Layer for Data Connection detected preferred interface change. Old index 15, old address family 0. New index 0, new address family 0, NDIS_PHYSICAL_MEDIUM 0.","2024-10-09T18:26:02.000+0500",18,9,26,october,2,wednesday,2024,local,,,"AYESHA-MALIHA",main,15,"//_::_=---/===-==---==---===__===_________.___,___","WinEventLog:Microsoft-Windows-PushNotification-Platform/Operational","WinEventLog:Microsoft-Windows-PushNotification-Platform/Operational","Ayesha-Maliha",,23,0
,,"Ayesha-Maliha",,1254,4,,,,"WNP Transport Layer","Microsoft-Windows-PushNotification-Platform/Operational",,"WNP Transport Layer for Data Connection detected preferred interface change. Old index 0, old address family 0. New index 15, new address family 0, NDIS_PHYSICAL_MEDIUM 9.",,,,,Info,,,,,44717,,,"S-1-5-18",0,,"Microsoft-Windows-PushNotifications-Platform",None,Information,"NOT_TRANSLATED",,"10/09/2024 06:25:43 PM
LogName=Microsoft-Windows-PushNotification-Platform/Operational
EventCode=1254
EventType=4
ComputerName=Ayesha-Maliha
User=NOT_TRANSLATED
Sid=S-1-5-18
SidType=0
SourceName=Microsoft-Windows-PushNotifications-Platform
Type=Information
RecordNumber=44717
Keywords=WNP Transport Layer
TaskCategory=None
OpCode=Info
Message=WNP Transport Layer for Data Connection detected preferred interface change. Old index 0, old address family 0. New index 15, new address family 0, NDIS_PHYSICAL_MEDIUM 9.","2024-10-09T18:25:43.000+0500",18,9,25,october,43,wednesday,2024,local,,,"AYESHA-MALIHA",main,15,"//_::_=---/===-==---==---===__===_________.___,___","WinEventLog:Microsoft-Windows-PushNotification-Platform/Operational","WinEventLog:Microsoft-Windows-PushNotification-Platform/Operational","Ayesha-Maliha",,23,0
,,"Ayesha-Maliha",,1254,4,,,,"WNP Transport Layer","Microsoft-Windows-PushNotification-Platform/Operational",,"WNP Transport Layer for Data Connection detected preferred interface change. Old index 15, old address family 0. New index 0, new address family 0, NDIS_PHYSICAL_MEDIUM 0.",,,,,Info,,,,,44716,,,"S-1-5-18",0,,"Microsoft-Windows-PushNotifications-Platform",None,Information,"NOT_TRANSLATED",,"10/09/2024 06:25:42 PM
LogName=Microsoft-Windows-PushNotification-Platform/Operational
EventCode=1254
EventType=4
ComputerName=Ayesha-Maliha
User=NOT_TRANSLATED
Sid=S-1-5-18
SidType=0
SourceName=Microsoft-Windows-PushNotifications-Platform
Type=Information
RecordNumber=44716
Keywords=WNP Transport Layer
TaskCategory=None
OpCode=Info
Message=WNP Transport Layer for Data Connection detected preferred interface change. Old index 15, old address family 0. New index 0, new address family 0, NDIS_PHYSICAL_MEDIUM 0.","2024-10-09T18:25:42.000+0500",18,9,25,october,42,wednesday,2024,local,,,"AYESHA-MALIHA",main,15,"//_::_=---/===-==---==---===__===_________.___,___","WinEventLog:Microsoft-Windows-PushNotification-Platform/Operational","WinEventLog:Microsoft-Windows-PushNotification-Platform/Operational","Ayesha-Maliha",,23,0
,,"Ayesha-Maliha",,1254,4,,,,"WNP Transport Layer","Microsoft-Windows-PushNotification-Platform/Operational",,"WNP Transport Layer for Data Connection detected preferred interface change. Old index 0, old address family 0. New index 15, new address family 0, NDIS_PHYSICAL_MEDIUM 9.",,,,,Info,,,,,44711,,,"S-1-5-18",0,,"Microsoft-Windows-PushNotifications-Platform",None,Information,"NOT_TRANSLATED",,"10/09/2024 06:25:36 PM
LogName=Microsoft-Windows-PushNotification-Platform/Operational
EventCode=1254
EventType=4
ComputerName=Ayesha-Maliha
User=NOT_TRANSLATED
Sid=S-1-5-18
SidType=0
SourceName=Microsoft-Windows-PushNotifications-Platform
Type=Information
RecordNumber=44711
Keywords=WNP Transport Layer
TaskCategory=None
OpCode=Info
Message=WNP Transport Layer for Data Connection detected preferred interface change. Old index 0, old address family 0. New index 15, new address family 0, NDIS_PHYSICAL_MEDIUM 9.","2024-10-09T18:25:36.000+0500",18,9,25,october,36,wednesday,2024,local,,,"AYESHA-MALIHA",main,15,"//_::_=---/===-==---==---===__===_________.___,___","WinEventLog:Microsoft-Windows-PushNotification-Platform/Operational","WinEventLog:Microsoft-Windows-PushNotification-Platform/Operational","Ayesha-Maliha",,23,0
,,"Ayesha-Maliha",,1254,4,,,,"WNP Transport Layer","Microsoft-Windows-PushNotification-Platform/Operational",,"WNP Transport Layer for Data Connection detected preferred interface change. Old index 15, old address family 0. New index 0, new address family 0, NDIS_PHYSICAL_MEDIUM 0.",,,,,Info,,,,,44705,,,"S-1-5-18",0,,"Microsoft-Windows-PushNotifications-Platform",None,Information,"NOT_TRANSLATED",,"10/09/2024 06:25:32 PM
LogName=Microsoft-Windows-PushNotification-Platform/Operational
EventCode=1254
EventType=4
ComputerName=Ayesha-Maliha
User=NOT_TRANSLATED
Sid=S-1-5-18
SidType=0
SourceName=Microsoft-Windows-PushNotifications-Platform
Type=Information
RecordNumber=44705
Keywords=WNP Transport Layer
TaskCategory=None
OpCode=Info
Message=WNP Transport Layer for Data Connection detected preferred interface change. Old index 15, old address family 0. New index 0, new address family 0, NDIS_PHYSICAL_MEDIUM 0.","2024-10-09T18:25:32.000+0500",18,9,25,october,32,wednesday,2024,local,,,"AYESHA-MALIHA",main,15,"//_::_=---/===-==---==---===__===_________.___,___","WinEventLog:Microsoft-Windows-PushNotification-Platform/Operational","WinEventLog:Microsoft-Windows-PushNotification-Platform/Operational","Ayesha-Maliha",,23,0
,,"Ayesha-Maliha",,1254,4,,,,"WNP Transport Layer","Microsoft-Windows-PushNotification-Platform/Operational",,"WNP Transport Layer for Data Connection detected preferred interface change. Old index 0, old address family 0. New index 15, new address family 0, NDIS_PHYSICAL_MEDIUM 9.",,,,,Info,,,,,44648,,,"S-1-5-18",0,,"Microsoft-Windows-PushNotifications-Platform",None,Information,"NOT_TRANSLATED",,"10/09/2024 06:24:58 PM
LogName=Microsoft-Windows-PushNotification-Platform/Operational
EventCode=1254
EventType=4
ComputerName=Ayesha-Maliha
User=NOT_TRANSLATED
Sid=S-1-5-18
SidType=0
SourceName=Microsoft-Windows-PushNotifications-Platform
Type=Information
RecordNumber=44648
Keywords=WNP Transport Layer
TaskCategory=None
OpCode=Info
Message=WNP Transport Layer for Data Connection detected preferred interface change. Old index 0, old address family 0. New index 15, new address family 0, NDIS_PHYSICAL_MEDIUM 9.","2024-10-09T18:24:58.000+0500",18,9,24,october,58,wednesday,2024,local,,,"AYESHA-MALIHA",main,15,"//_::_=---/===-==---==---===__===_________.___,___","WinEventLog:Microsoft-Windows-PushNotification-Platform/Operational","WinEventLog:Microsoft-Windows-PushNotification-Platform/Operational","Ayesha-Maliha",,23,0
,,"Ayesha-Maliha",,1254,4,,,,"WNP Transport Layer","Microsoft-Windows-PushNotification-Platform/Operational",,"WNP Transport Layer for Data Connection detected preferred interface change. Old index 15, old address family 0. New index 0, new address family 0, NDIS_PHYSICAL_MEDIUM 0.",,,,,Info,,,,,44642,,,"S-1-5-18",0,,"Microsoft-Windows-PushNotifications-Platform",None,Information,"NOT_TRANSLATED",,"10/09/2024 06:24:55 PM
LogName=Microsoft-Windows-PushNotification-Platform/Operational
EventCode=1254
EventType=4
ComputerName=Ayesha-Maliha
User=NOT_TRANSLATED
Sid=S-1-5-18
SidType=0
SourceName=Microsoft-Windows-PushNotifications-Platform
Type=Information
RecordNumber=44642
Keywords=WNP Transport Layer
TaskCategory=None
OpCode=Info
Message=WNP Transport Layer for Data Connection detected preferred interface change. Old index 15, old address family 0. New index 0, new address family 0, NDIS_PHYSICAL_MEDIUM 0.","2024-10-09T18:24:55.000+0500",18,9,24,october,55,wednesday,2024,local,,,"AYESHA-MALIHA",main,15,"//_::_=---/===-==---==---===__===_________.___,___","WinEventLog:Microsoft-Windows-PushNotification-Platform/Operational","WinEventLog:Microsoft-Windows-PushNotification-Platform/Operational","Ayesha-Maliha",,23,0
,,"Ayesha-Maliha",,29,4,,,,Classic,Application,,"The store C:\Users\HP\AppData\Local\Microsoft\Outlook\09-242242-002@student.bahria.edu.pk.nst is being re-pushed to the indexer for the following reason: Index reset (or catalog signature changed), re-push entire store.",,,,,None,,,,,16856,,,,,,Outlook,None,Information,,,"10/07/2024 09:00:41 PM
LogName=Application
EventCode=29
EventType=4
ComputerName=Ayesha-Maliha
SourceName=Outlook
Type=Information
RecordNumber=16856
Keywords=Classic
TaskCategory=None
OpCode=None
Message=The store C:\Users\HP\AppData\Local\Microsoft\Outlook\09-242242-002@student.bahria.edu.pk.nst is being re-pushed to the indexer for the following reason: Index reset (or catalog signature changed), re-push entire store.","2024-10-07T21:00:41.000+0500",21,7,0,october,41,monday,2024,local,,,"AYESHA-MALIHA",main,12,"//_::_====-=======__:\\\\\\\--@....___-_______:___","WinEventLog:Application","WinEventLog:Application","Ayesha-Maliha",,23,0
,,"Ayesha-Maliha",,29,4,,,,Classic,Application,,"The store C:\Users\HP\AppData\Local\Microsoft\Outlook\09-242242-002@student.bahria.edu.pk.ost is being re-pushed to the indexer for the following reason: Index reset (or catalog signature changed), re-push entire store.",,,,,None,,,,,16852,,,,,,Outlook,None,Information,,,"10/07/2024 09:00:34 PM
LogName=Application
EventCode=29
EventType=4
ComputerName=Ayesha-Maliha
SourceName=Outlook
Type=Information
RecordNumber=16852
Keywords=Classic
TaskCategory=None
OpCode=None
Message=The store C:\Users\HP\AppData\Local\Microsoft\Outlook\09-242242-002@student.bahria.edu.pk.ost is being re-pushed to the indexer for the following reason: Index reset (or catalog signature changed), re-push entire store.","2024-10-07T21:00:34.000+0500",21,7,0,october,34,monday,2024,local,,,"AYESHA-MALIHA",main,12,"//_::_====-=======__:\\\\\\\--@....___-_______:___","WinEventLog:Application","WinEventLog:Application","Ayesha-Maliha",,23,0
,,"Ayesha-Maliha","Unknown HResult Error code: 0x80000000",1,2,,LoadCacheEntriesAsync,,None,"Microsoft-Windows-Store/Operational",,"Corrupted PersistentPerUserCache index, creating a new one (userId = ""0"").
Error Code: Unknown HResult Error code: 0x80000000
Function: LoadCacheEntriesAsync
Source: .\src\Core\WinStore.Core\DataModel\PersistentPerUserCache.CacheIndex.cs (293)",,,,,Info,,,,,145875,,,"S-1-5-21-663109325-190050996-3763433200-1001",0,".\src\Core\WinStore.Core\DataModel\PersistentPerUserCache.CacheIndex.cs (293)","Windows-ApplicationModel-Store-SDK",StorefrontClient,Error,"NOT_TRANSLATED",,"10/05/2024 01:58:04 PM
LogName=Microsoft-Windows-Store/Operational
EventCode=1
EventType=2
ComputerName=Ayesha-Maliha
User=NOT_TRANSLATED
Sid=S-1-5-21-663109325-190050996-3763433200-1001
SidType=0
SourceName=Windows-ApplicationModel-Store-SDK
Type=Error
RecordNumber=145875
Keywords=None
TaskCategory=StorefrontClient
OpCode=Info
Message=Corrupted PersistentPerUserCache index, creating a new one (userId = ""0"").
Error Code: Unknown HResult Error code: 0x80000000
Function: LoadCacheEntriesAsync
Source: .\src\Core\WinStore.Core\DataModel\PersistentPerUserCache.CacheIndex.cs (293)","2024-10-05T13:58:04.000+0500",13,5,58,october,4,saturday,2024,local,,,"AYESHA-MALIHA",main,18,"//_::_=--/===-==-------==---======__,_____(_=_"""").","WinEventLog:Microsoft-Windows-Store/Operational","WinEventLog:Microsoft-Windows-Store/Operational","Ayesha-Maliha",,23,0
,,"Ayesha-Maliha",,28115,4,,,,None,"Microsoft-Windows-Shell-Core/Operational",,"Shortcut for application Python 3.12 Manuals (64-bit) with ID {6D809377-6AF0-444B-8957-A3773F02200E}\Python312\Doc\html\index.html and flags 0x220 is added to app resolver cache.",,,,,Info,,,,,18739,,,"S-1-5-21-663109325-190050996-3763433200-1001",0,,"Microsoft-Windows-Shell-Core",28141,Information,"NOT_TRANSLATED",,"10/05/2024 10:17:32 AM
LogName=Microsoft-Windows-Shell-Core/Operational
EventCode=28115
EventType=4
ComputerName=Ayesha-Maliha
User=NOT_TRANSLATED
Sid=S-1-5-21-663109325-190050996-3763433200-1001
SidType=0
SourceName=Microsoft-Windows-Shell-Core
Type=Information
RecordNumber=18739
Keywords=None
TaskCategory=28141
OpCode=Info
Message=Shortcut for application Python 3.12 Manuals (64-bit) with ID {6D809377-6AF0-444B-8957-A3773F02200E}\Python312\Doc\html\index.html and flags 0x220 is added to app resolver cache.","2024-10-05T10:17:32.000+0500",10,5,17,october,32,saturday,2024,local,,,"AYESHA-MALIHA",main,15,"//_::_=---/===-==-------==---======____.__(-)___{-","WinEventLog:Microsoft-Windows-Shell-Core/Operational","WinEventLog:Microsoft-Windows-Shell-Core/Operational","Ayesha-Maliha",,23,0
